build/app/intermediates/manifest_merge_blame_file/debug/manifest-merger-blame-debug-report.txt
1<?xml version="1.0" encoding="utf-8"?>
2<manifest xmlns:android="http://schemas.android.com/apk/res/android"
3    package="com.example.untitled"
4    android:versionCode="1"
5    android:versionName="1.0.0" >
6
7    <uses-sdk
8        android:minSdkVersion="21"
9        android:targetSdkVersion="31" />
10    <!--
11         Flutter needs it to communicate with the running application
12         to allow setting breakpoints, to provide hot reload, etc.
13    -->
14    <uses-permission android:name="android.permission.INTERNET" />
14-->src\debug\AndroidManifest.xml:6:5-66
14-->src\debug\AndroidManifest.xml:6:22-64
15    <uses-permission android:name="android.permission.CAMERA" />
15-->src\main\AndroidManifest.xml:3:5-65
15-->src\main\AndroidManifest.xml:3:22-62
16    <uses-permission android:name="android.permission.FLASHLIGHT" />
16-->src\main\AndroidManifest.xml:4:5-69
16-->src\main\AndroidManifest.xml:4:22-66
17    <uses-permission android:name="android.permission.WRITE_EXTERNAL_STORAGE" />
17-->src\main\AndroidManifest.xml:5:5-81
17-->src\main\AndroidManifest.xml:5:22-78
18
19    <uses-feature android:name="android.hardware.camera" />
19-->src\main\AndroidManifest.xml:6:5-60
19-->src\main\AndroidManifest.xml:6:19-57
20    <uses-feature android:name="android.hardware.camera.front" />
20-->src\main\AndroidManifest.xml:7:5-66
20-->src\main\AndroidManifest.xml:7:19-63
21    <uses-feature
21-->src\main\AndroidManifest.xml:8:5-86
22        android:name="android.hardware.camera2"
22-->src\main\AndroidManifest.xml:8:19-58
23        android:required="false" />
23-->src\main\AndroidManifest.xml:8:59-83
24    <uses-feature
24-->src\main\AndroidManifest.xml:9:5-94
25        android:name="android.hardware.camera.autofocus"
25-->src\main\AndroidManifest.xml:9:19-67
26        android:required="false" />
26-->src\main\AndroidManifest.xml:9:68-92
27    <uses-feature
27-->src\main\AndroidManifest.xml:10:5-91
28        android:name="android.hardware.camera.flash"
28-->src\main\AndroidManifest.xml:10:19-63
29        android:required="false" />
29-->src\main\AndroidManifest.xml:10:64-88
30
31    <uses-permission android:name="android.permission.RECORD_AUDIO" />
31-->[:camera] AndroidManifest.xml:10:5-71
31-->[:camera] AndroidManifest.xml:10:22-68
32
33    <queries>
33-->[:flutter_tts] AndroidManifest.xml:9:5-13:15
34        <intent>
34-->[:flutter_tts] AndroidManifest.xml:10:9-12:18
35            <action android:name="android.intent.action.TTS_SERVICE" />
35-->[:flutter_tts] AndroidManifest.xml:11:13-72
35-->[:flutter_tts] AndroidManifest.xml:11:21-69
36        </intent>
37    </queries>
38
39    <uses-permission android:name="android.permission.ACCESS_NETWORK_STATE" />
39-->[com.google.android.exoplayer:exoplayer-core:2.14.1] AndroidManifest.xml:24:5-79
39-->[com.google.android.exoplayer:exoplayer-core:2.14.1] AndroidManifest.xml:24:22-76
40
41    <application
41-->src\main\AndroidManifest.xml:11:4-50:19
42        android:appComponentFactory="androidx.core.app.CoreComponentFactory"
42-->[androidx.core:core:1.1.0] AndroidManifest.xml:24:18-86
43        android:debuggable="true"
44        android:icon="@mipmap/ic_launcher"
44-->src\main\AndroidManifest.xml:13:9-43
45        android:label="untitled" >
45-->src\main\AndroidManifest.xml:12:9-33
46        <activity
46-->src\main\AndroidManifest.xml:14:9-44:20
47            android:name="com.example.untitled.MainActivity"
47-->src\main\AndroidManifest.xml:15:13-41
48            android:configChanges="orientation|keyboardHidden|keyboard|screenSize|smallestScreenSize|locale|layoutDirection|fontScale|screenLayout|density|uiMode"
48-->src\main\AndroidManifest.xml:19:13-163
49            android:hardwareAccelerated="true"
49-->src\main\AndroidManifest.xml:20:13-47
50            android:launchMode="singleTop"
50-->src\main\AndroidManifest.xml:17:13-43
51            android:screenOrientation="portrait"
51-->src\main\AndroidManifest.xml:16:13-49
52            android:theme="@style/LaunchTheme"
52-->src\main\AndroidManifest.xml:18:13-47
53            android:windowSoftInputMode="adjustResize" >
53-->src\main\AndroidManifest.xml:21:13-55
54
55            <!--
56                 Specifies an Android theme to apply to this Activity as soon as
57                 the Android process has started. This theme is visible to the user
58                 while the Flutter UI initializes. After that, this theme continues
59                 to determine the Window background behind the Flutter UI.
60            -->
61            <meta-data
61-->src\main\AndroidManifest.xml:26:13-29:17
62                android:name="io.flutter.embedding.android.NormalTheme"
62-->src\main\AndroidManifest.xml:27:15-70
63                android:resource="@style/NormalTheme" />
63-->src\main\AndroidManifest.xml:28:15-52
64            <!--
65                 Displays an Android View that continues showing the launch screen
66                 Drawable until Flutter paints its first frame, then this splash
67                 screen fades out. A splash screen is useful to avoid any visual
68                 gap between the end of Android's launch screen and the painting of
69                 Flutter's first frame.
70            -->
71            <meta-data
71-->src\main\AndroidManifest.xml:35:13-38:17
72                android:name="io.flutter.embedding.android.SplashScreenDrawable"
72-->src\main\AndroidManifest.xml:36:15-79
73                android:resource="@drawable/launch_background" />
73-->src\main\AndroidManifest.xml:37:15-61
74
75            <intent-filter>
75-->src\main\AndroidManifest.xml:39:13-42:29
76                <action android:name="android.intent.action.MAIN" />
76-->src\main\AndroidManifest.xml:40:17-68
76-->src\main\AndroidManifest.xml:40:25-66
77
78                <category android:name="android.intent.category.LAUNCHER" />
78-->src\main\AndroidManifest.xml:41:17-76
78-->src\main\AndroidManifest.xml:41:27-74
79            </intent-filter>
80        </activity>
81        <!--
82             Don't delete the meta-data below.
83             This is used by the Flutter tool to generate GeneratedPluginRegistrant.java
84        -->
85        <meta-data
85-->src\main\AndroidManifest.xml:47:9-49:33
86            android:name="flutterEmbedding"
86-->src\main\AndroidManifest.xml:48:13-44
87            android:value="2" />
87-->src\main\AndroidManifest.xml:49:13-30
88    </application>
89
90</manifest>